<?xml version="1.0" encoding="windows-1252" standalone="no"?>
<!DOCTYPE log SYSTEM "logger.dtd">
<log>
</log>
Dec 10, 2015 12:59:10 PM Logger.ServerLogger <init>
INFO: ------------------------------------------------------
<?xml version="1.0" encoding="windows-1252" standalone="no"?>
<!DOCTYPE log SYSTEM "logger.dtd">
<log>
</log>
Dec 10, 2015 12:59:24 PM Logger.ServerLogger <init>
INFO: ------------------------------------------------------
<?xml version="1.0" encoding="windows-1252" standalone="no"?>
<!DOCTYPE log SYSTEM "logger.dtd">
<log>
</log>
Dec 10, 2015 12:59:41 PM Logger.ServerLogger <init>
INFO: ------------------------------------------------------
Dec 10, 2015 12:59:42 PM Logger.ServerLogger logEntry
SEVERE: Remote Exception in main - java.rmi.ConnectException: Connection refused to host: localhost; nested exception is: 
	java.net.ConnectException: Connection refused: connect
<?xml version="1.0" encoding="windows-1252" standalone="no"?>
<!DOCTYPE log SYSTEM "logger.dtd">
<log>
</log>
Dec 10, 2015 1:56:30 PM Logger.ServerLogger <init>
INFO: ------------------------------------------------------
<?xml version="1.0" encoding="windows-1252" standalone="no"?>
<!DOCTYPE log SYSTEM "logger.dtd">
<log>
</log>
Dec 10, 2015 1:56:47 PM Logger.ServerLogger <init>
INFO: ------------------------------------------------------
Dec 10, 2015 1:56:48 PM Logger.ServerLogger logEntry
INFO: Connection with Coordinator established at localhost:8080
Dec 10, 2015 1:56:55 PM Logger.ServerLogger logEntry
INFO: Testing if port 8089 is occupied
Dec 10, 2015 1:56:55 PM Logger.ServerLogger logEntry
INFO: 8089 is available
Dec 10, 2015 1:56:56 PM Logger.ServerLogger logEntry
INFO: Going to prepopulate server HashMap
Dec 10, 2015 1:56:56 PM Logger.ServerLogger logEntry
INFO: HashMap prepopulated. {12=14, 1=4, 2=32, 5=10, 8=52}
<?xml version="1.0" encoding="windows-1252" standalone="no"?>
<!DOCTYPE log SYSTEM "logger.dtd">
<log>
</log>
Dec 10, 2015 1:59:18 PM Logger.ServerLogger <init>
INFO: ------------------------------------------------------
Dec 10, 2015 1:59:19 PM Logger.ServerLogger logEntry
INFO: Connection with Coordinator established at localhost:8080
Dec 10, 2015 1:59:27 PM Logger.ServerLogger logEntry
INFO: Testing if port 8089 is occupied
Dec 10, 2015 1:59:27 PM Logger.ServerLogger logEntry
INFO: 8089 is available
Dec 10, 2015 1:59:27 PM Logger.ServerLogger logEntry
INFO: Going to prepopulate server HashMap
Dec 10, 2015 1:59:27 PM Logger.ServerLogger logEntry
INFO: HashMap prepopulated. {12=14, 1=4, 2=32, 5=10, 8=52}
<?xml version="1.0" encoding="windows-1252" standalone="no"?>
<!DOCTYPE log SYSTEM "logger.dtd">
<log>
</log>
Dec 10, 2015 2:18:16 PM Logger.ServerLogger <init>
INFO: ------------------------------------------------------
<?xml version="1.0" encoding="windows-1252" standalone="no"?>
<!DOCTYPE log SYSTEM "logger.dtd">
<log>
</log>
Dec 10, 2015 2:18:36 PM Logger.ServerLogger <init>
INFO: ------------------------------------------------------
Dec 10, 2015 2:18:36 PM Logger.ServerLogger logEntry
INFO: Connection with Coordinator established at localhost:8080
Dec 10, 2015 2:18:39 PM Logger.ServerLogger logEntry
INFO: Testing if port 8089 is occupied
Dec 10, 2015 2:18:39 PM Logger.ServerLogger logEntry
INFO: 8089 is available
Dec 10, 2015 2:18:39 PM Logger.ServerLogger logEntry
INFO: Going to prepopulate server HashMap
Dec 10, 2015 2:18:39 PM Logger.ServerLogger logEntry
INFO: HashMap prepopulated. {12=14, 1=4, 2=32, 5=10, 8=52}
<?xml version="1.0" encoding="windows-1252" standalone="no"?>
<!DOCTYPE log SYSTEM "logger.dtd">
<log>
</log>
Dec 10, 2015 2:21:57 PM Logger.ServerLogger <init>
INFO: ------------------------------------------------------
Dec 10, 2015 2:21:57 PM Logger.ServerLogger logEntry
INFO: Connection with Coordinator established at localhost:8080
Dec 10, 2015 2:22:00 PM Logger.ServerLogger logEntry
INFO: Testing if port 8089 is occupied
Dec 10, 2015 2:22:00 PM Logger.ServerLogger logEntry
INFO: 8089 is available
Dec 10, 2015 2:22:00 PM Logger.ServerLogger logEntry
INFO: Going to prepopulate server HashMap
Dec 10, 2015 2:22:00 PM Logger.ServerLogger logEntry
INFO: HashMap prepopulated. {12=14, 1=4, 2=32, 5=10, 8=52}
Dec 10, 2015 2:22:27 PM Logger.ServerLogger logEntry
INFO: PUT OPERATION
Dec 10, 2015 2:22:27 PM Logger.ServerLogger logEntry
INFO: (7:7) ADDED
Dec 10, 2015 2:22:27 PM Logger.ServerLogger logEntry
INFO: HashMap = {12=14, 1=4, 2=32, 5=10, 7=7, 8=52}
<?xml version="1.0" encoding="windows-1252" standalone="no"?>
<!DOCTYPE log SYSTEM "logger.dtd">
<log>
</log>
Dec 10, 2015 5:52:38 PM Logger.ServerLogger <init>
INFO: ------------------------------------------------------
Dec 10, 2015 5:52:38 PM Logger.ServerLogger logEntry
INFO: Connection with Coordinator established at localhost:8080
Dec 10, 2015 5:52:41 PM Logger.ServerLogger logEntry
INFO: Testing if port 8089 is occupied
Dec 10, 2015 5:52:41 PM Logger.ServerLogger logEntry
INFO: 8089 is available
Dec 10, 2015 5:52:41 PM Logger.ServerLogger logEntry
INFO: Going to prepopulate server HashMap
Dec 10, 2015 5:52:41 PM Logger.ServerLogger logEntry
INFO: HashMap prepopulated. {12=14, 1=4, 2=32, 5=10, 8=52}
<?xml version="1.0" encoding="windows-1252" standalone="no"?>
<!DOCTYPE log SYSTEM "logger.dtd">
<log>
</log>
Dec 10, 2015 7:26:24 PM Logger.ServerLogger <init>
INFO: ------------------------------------------------------
Dec 10, 2015 7:26:24 PM Logger.ServerLogger logEntry
INFO: Connection with Coordinator established at localhost:8080
Dec 10, 2015 7:26:30 PM Logger.ServerLogger logEntry
INFO: Testing if port 8089 is occupied
Dec 10, 2015 7:26:30 PM Logger.ServerLogger logEntry
INFO: 8089 is available
Dec 10, 2015 7:26:30 PM Logger.ServerLogger logEntry
INFO: Going to prepopulate server HashMap
Dec 10, 2015 7:26:30 PM Logger.ServerLogger logEntry
INFO: HashMap prepopulated. {12=14, 1=4, 2=32, 5=10, 8=52}
Dec 10, 2015 7:26:57 PM Logger.ServerLogger logEntry
INFO: PUT OPERATION
<?xml version="1.0" encoding="windows-1252" standalone="no"?>
<!DOCTYPE log SYSTEM "logger.dtd">
<log>
</log>
Dec 10, 2015 8:06:34 PM Logger.ServerLogger <init>
INFO: ------------------------------------------------------
Dec 10, 2015 8:06:36 PM Logger.ServerLogger logEntry
SEVERE: Remote Exception in main - java.rmi.UnknownHostException: Unknown host: loclahost; nested exception is: 
	java.net.UnknownHostException: loclahost
Dec 10, 2015 8:06:42 PM Logger.ServerLogger logEntry
INFO: Testing if port 8081 is occupied
Dec 10, 2015 8:06:42 PM Logger.ServerLogger logEntry
INFO: 8081 is available
Dec 10, 2015 8:06:42 PM Logger.ServerLogger logEntry
SEVERE: Exception in main - java.lang.NullPointerException
<?xml version="1.0" encoding="windows-1252" standalone="no"?>
<!DOCTYPE log SYSTEM "logger.dtd">
<log>
</log>
Dec 10, 2015 8:10:07 PM Logger.ServerLogger <init>
INFO: ------------------------------------------------------
Dec 10, 2015 8:10:07 PM Logger.ServerLogger logEntry
INFO: Connection with Coordinator established at localhost:8080
Dec 10, 2015 8:10:10 PM Logger.ServerLogger logEntry
INFO: Testing if port 8081 is occupied
Dec 10, 2015 8:10:10 PM Logger.ServerLogger logEntry
INFO: 8081 is available
Dec 10, 2015 8:10:10 PM Logger.ServerLogger logEntry
INFO: Going to prepopulate server HashMap
Dec 10, 2015 8:10:10 PM Logger.ServerLogger logEntry
INFO: HashMap prepopulated. {12=14, 1=4, 2=32, 5=10, 8=52}
Dec 10, 2015 8:11:37 PM Logger.ServerLogger logEntry
INFO: PUT OPERATION
<?xml version="1.0" encoding="windows-1252" standalone="no"?>
<!DOCTYPE log SYSTEM "logger.dtd">
<log>
</log>
Dec 10, 2015 8:18:19 PM Logger.ServerLogger <init>
INFO: ------------------------------------------------------
Dec 10, 2015 8:18:20 PM Logger.ServerLogger logEntry
SEVERE: Remote Exception in main - java.rmi.ConnectException: Connection refused to host: localhost; nested exception is: 
	java.net.ConnectException: Connection refused: connect
Dec 10, 2015 8:19:48 PM Logger.ServerLogger logEntry
INFO: Testing if port 8081 is occupied
Dec 10, 2015 8:19:48 PM Logger.ServerLogger logEntry
INFO: 8081 is available
Dec 10, 2015 8:19:48 PM Logger.ServerLogger logEntry
SEVERE: Exception in main - java.lang.NullPointerException
<?xml version="1.0" encoding="windows-1252" standalone="no"?>
<!DOCTYPE log SYSTEM "logger.dtd">
<log>
</log>
Dec 10, 2015 8:20:07 PM Logger.ServerLogger <init>
INFO: ------------------------------------------------------
Dec 10, 2015 8:20:07 PM Logger.ServerLogger logEntry
INFO: Connection with Coordinator established at localhost:8080
Dec 10, 2015 8:20:10 PM Logger.ServerLogger logEntry
INFO: Testing if port 8081 is occupied
Dec 10, 2015 8:20:10 PM Logger.ServerLogger logEntry
INFO: 8081 is available
Dec 10, 2015 8:20:10 PM Logger.ServerLogger logEntry
INFO: Going to prepopulate server HashMap
Dec 10, 2015 8:20:10 PM Logger.ServerLogger logEntry
INFO: HashMap prepopulated. {12=14, 1=4, 2=32, 5=10, 8=52}
<?xml version="1.0" encoding="windows-1252" standalone="no"?>
<!DOCTYPE log SYSTEM "logger.dtd">
<log>
</log>
Dec 15, 2015 12:49:13 PM Logger.ServerLogger <init>
INFO: ------------------------------------------------------
Dec 15, 2015 12:49:13 PM Logger.ServerLogger logEntry
INFO: Connection with Coordinator established at localhost:8080
Dec 15, 2015 12:49:17 PM Logger.ServerLogger logEntry
INFO: Testing if port 8089 is occupied
Dec 15, 2015 12:49:17 PM Logger.ServerLogger logEntry
INFO: 8089 is available
Dec 15, 2015 12:49:17 PM Logger.ServerLogger logEntry
INFO: Going to prepopulate server HashMap
Dec 15, 2015 12:49:17 PM Logger.ServerLogger logEntry
INFO: HashMap prepopulated. {12=14, 1=4, 2=32, 5=10, 8=52}
<?xml version="1.0" encoding="windows-1252" standalone="no"?>
<!DOCTYPE log SYSTEM "logger.dtd">
<log>
</log>
Dec 15, 2015 12:57:49 PM Logger.ServerLogger <init>
INFO: ------------------------------------------------------
Dec 15, 2015 12:57:49 PM Logger.ServerLogger logEntry
INFO: Connection with Coordinator established at localhost:8080
Dec 15, 2015 12:57:53 PM Logger.ServerLogger logEntry
INFO: Testing if port 8087 is occupied
Dec 15, 2015 12:57:53 PM Logger.ServerLogger logEntry
INFO: 8087 is available
Dec 15, 2015 12:57:53 PM Logger.ServerLogger logEntry
INFO: Going to prepopulate server HashMap
Dec 15, 2015 12:57:53 PM Logger.ServerLogger logEntry
INFO: HashMap prepopulated. {12=14, 1=4, 2=32, 5=10, 8=52}
Dec 15, 2015 12:58:51 PM Logger.ServerLogger logEntry
INFO: PUT OPERATION
<?xml version="1.0" encoding="windows-1252" standalone="no"?>
<!DOCTYPE log SYSTEM "logger.dtd">
<log>
</log>
Dec 15, 2015 1:12:00 PM Logger.ServerLogger <init>
INFO: ------------------------------------------------------
Dec 15, 2015 1:12:00 PM Logger.ServerLogger logEntry
INFO: Connection with Coordinator established at localhost:8080
Dec 15, 2015 1:12:04 PM Logger.ServerLogger logEntry
INFO: Testing if port 8089 is occupied
Dec 15, 2015 1:12:04 PM Logger.ServerLogger logEntry
INFO: 8089 is available
Dec 15, 2015 1:12:04 PM Logger.ServerLogger logEntry
INFO: Going to prepopulate server HashMap
Dec 15, 2015 1:12:04 PM Logger.ServerLogger logEntry
INFO: HashMap prepopulated. {12=14, 1=4, 2=32, 5=10, 8=52}
<?xml version="1.0" encoding="windows-1252" standalone="no"?>
<!DOCTYPE log SYSTEM "logger.dtd">
<log>
</log>
Dec 15, 2015 1:46:04 PM Logger.ServerLogger <init>
INFO: ------------------------------------------------------
Dec 15, 2015 1:46:04 PM Logger.ServerLogger logEntry
INFO: Connection with Coordinator established at localhost:8080
Dec 15, 2015 1:46:08 PM Logger.ServerLogger logEntry
INFO: Testing if port 8081 is occupied
Dec 15, 2015 1:46:08 PM Logger.ServerLogger logEntry
INFO: 8081 is available
Dec 15, 2015 1:46:08 PM Logger.ServerLogger logEntry
INFO: Going to prepopulate server HashMap
Dec 15, 2015 1:46:08 PM Logger.ServerLogger logEntry
INFO: HashMap prepopulated. {12=14, 1=4, 2=32, 5=10, 8=52}
Dec 15, 2015 1:47:26 PM Logger.ServerLogger logEntry
INFO: PUT OPERATION
<?xml version="1.0" encoding="windows-1252" standalone="no"?>
<!DOCTYPE log SYSTEM "logger.dtd">
<log>
</log>
Dec 15, 2015 1:55:22 PM Logger.ServerLogger <init>
INFO: ------------------------------------------------------
Dec 15, 2015 1:55:22 PM Logger.ServerLogger logEntry
INFO: Connection with Coordinator established at localhost:8080
Dec 15, 2015 1:55:23 PM Logger.ServerLogger logEntry
INFO: Testing if port 8081 is occupied
Dec 15, 2015 1:55:23 PM Logger.ServerLogger logEntry
INFO: 8081 is available
Dec 15, 2015 1:55:23 PM Logger.ServerLogger logEntry
INFO: Going to prepopulate server HashMap
Dec 15, 2015 1:55:23 PM Logger.ServerLogger logEntry
INFO: HashMap prepopulated. {12=14, 1=4, 2=32, 5=10, 8=52}
Dec 15, 2015 1:56:19 PM Logger.ServerLogger logEntry
INFO: PUT OPERATION
<?xml version="1.0" encoding="windows-1252" standalone="no"?>
<!DOCTYPE log SYSTEM "logger.dtd">
<log>
</log>
Dec 15, 2015 2:04:22 PM Logger.ServerLogger <init>
INFO: ------------------------------------------------------
Dec 15, 2015 2:04:22 PM Logger.ServerLogger logEntry
INFO: Connection with Coordinator established at localhost:8080
Dec 15, 2015 2:04:24 PM Logger.ServerLogger logEntry
INFO: Testing if port 8081 is occupied
Dec 15, 2015 2:04:24 PM Logger.ServerLogger logEntry
INFO: 8081 is available
Dec 15, 2015 2:04:24 PM Logger.ServerLogger logEntry
INFO: Going to prepopulate server HashMap
Dec 15, 2015 2:04:24 PM Logger.ServerLogger logEntry
INFO: HashMap prepopulated. {12=14, 1=4, 2=32, 5=10, 8=52}
Dec 15, 2015 2:05:13 PM Logger.ServerLogger logEntry
INFO: PUT OPERATION
<?xml version="1.0" encoding="windows-1252" standalone="no"?>
<!DOCTYPE log SYSTEM "logger.dtd">
<log>
</log>
Dec 15, 2015 9:51:38 PM Logger.ServerLogger <init>
INFO: ------------------------------------------------------
Dec 15, 2015 9:51:38 PM Logger.ServerLogger logEntry
INFO: Connection with Coordinator established at localhost:8080
Dec 15, 2015 9:51:50 PM Logger.ServerLogger logEntry
INFO: Testing if port 8087 is occupied
Dec 15, 2015 9:51:50 PM Logger.ServerLogger logEntry
INFO: 8087 is available
Dec 15, 2015 9:51:50 PM Logger.ServerLogger logEntry
INFO: Going to prepopulate server HashMap
Dec 15, 2015 9:51:50 PM Logger.ServerLogger logEntry
INFO: HashMap prepopulated. {12=14, 1=4, 2=32, 5=10, 8=52}
<?xml version="1.0" encoding="windows-1252" standalone="no"?>
<!DOCTYPE log SYSTEM "logger.dtd">
<log>
</log>
Dec 15, 2015 9:58:23 PM Logger.ServerLogger <init>
INFO: ------------------------------------------------------
Dec 15, 2015 9:58:23 PM Logger.ServerLogger logEntry
INFO: Connection with Coordinator established at localhost:8080
Dec 15, 2015 9:58:29 PM Logger.ServerLogger logEntry
INFO: Testing if port 8088 is occupied
Dec 15, 2015 9:58:29 PM Logger.ServerLogger logEntry
INFO: 8088 is available
Dec 15, 2015 9:58:29 PM Logger.ServerLogger logEntry
INFO: Going to prepopulate server HashMap
Dec 15, 2015 9:58:29 PM Logger.ServerLogger logEntry
INFO: HashMap prepopulated. {12=14, 1=4, 2=32, 5=10, 8=52}
<?xml version="1.0" encoding="windows-1252" standalone="no"?>
<!DOCTYPE log SYSTEM "logger.dtd">
<log>
</log>
Dec 15, 2015 10:11:31 PM Logger.ServerLogger <init>
INFO: ------------------------------------------------------
Dec 15, 2015 10:11:31 PM Logger.ServerLogger logEntry
INFO: Connection with Coordinator established at localhost:8080
Dec 15, 2015 10:11:51 PM Logger.ServerLogger logEntry
INFO: Testing if port 8089 is occupied
Dec 15, 2015 10:11:51 PM Logger.ServerLogger logEntry
INFO: 8089 is available
Dec 15, 2015 10:11:51 PM Logger.ServerLogger logEntry
INFO: Going to prepopulate server HashMap
Dec 15, 2015 10:11:51 PM Logger.ServerLogger logEntry
INFO: HashMap prepopulated. {12=14, 1=4, 2=32, 5=10, 8=52}
<?xml version="1.0" encoding="windows-1252" standalone="no"?>
<!DOCTYPE log SYSTEM "logger.dtd">
<log>
</log>
Dec 15, 2015 10:18:04 PM Logger.ServerLogger <init>
INFO: ------------------------------------------------------
Dec 15, 2015 10:18:04 PM Logger.ServerLogger logEntry
INFO: Connection with Coordinator established at localhost:8080
Dec 15, 2015 10:18:06 PM Logger.ServerLogger logEntry
INFO: Testing if port 8088 is occupied
Dec 15, 2015 10:18:06 PM Logger.ServerLogger logEntry
INFO: 8088 is available
Dec 15, 2015 10:18:06 PM Logger.ServerLogger logEntry
INFO: Going to prepopulate server HashMap
Dec 15, 2015 10:18:06 PM Logger.ServerLogger logEntry
INFO: HashMap prepopulated. {12=14, 1=4, 2=32, 5=10, 8=52}
Dec 15, 2015 10:18:54 PM Logger.ServerLogger logEntry
INFO: PUT OPERATION
Dec 15, 2015 10:36:01 PM Logger.ServerLogger logEntry
INFO: HashMap = {12=14, 1=4, 2=32, 5=10, 7=7, 8=52}
<?xml version="1.0" encoding="windows-1252" standalone="no"?>
<!DOCTYPE log SYSTEM "logger.dtd">
<log>
</log>
Dec 15, 2015 10:36:53 PM Logger.ServerLogger <init>
INFO: ------------------------------------------------------
Dec 15, 2015 10:36:53 PM Logger.ServerLogger logEntry
INFO: Connection with Coordinator established at localhost:8080
Dec 15, 2015 10:36:55 PM Logger.ServerLogger logEntry
INFO: Testing if port 8081 is occupied
Dec 15, 2015 10:36:55 PM Logger.ServerLogger logEntry
INFO: 8081 is available
Dec 15, 2015 10:36:55 PM Logger.ServerLogger logEntry
SEVERE: Exception in main - java.lang.NullPointerException: cannot bind to null
<?xml version="1.0" encoding="windows-1252" standalone="no"?>
<!DOCTYPE log SYSTEM "logger.dtd">
<log>
</log>
Dec 15, 2015 10:37:13 PM Logger.ServerLogger <init>
INFO: ------------------------------------------------------
Dec 15, 2015 10:37:13 PM Logger.ServerLogger logEntry
INFO: Connection with Coordinator established at localhost:8080
Dec 15, 2015 10:37:15 PM Logger.ServerLogger logEntry
INFO: Testing if port 8081 is occupied
Dec 15, 2015 10:37:15 PM Logger.ServerLogger logEntry
INFO: 8081 is available
Dec 15, 2015 10:37:15 PM Logger.ServerLogger logEntry
SEVERE: Exception in main - java.lang.NullPointerException: cannot bind to null
<?xml version="1.0" encoding="windows-1252" standalone="no"?>
<!DOCTYPE log SYSTEM "logger.dtd">
<log>
</log>
Dec 15, 2015 10:41:13 PM Logger.ServerLogger <init>
INFO: ------------------------------------------------------
Dec 15, 2015 10:41:14 PM Logger.ServerLogger logEntry
INFO: Connection with Coordinator established at localhost:8080
Dec 15, 2015 10:41:15 PM Logger.ServerLogger logEntry
INFO: Testing if port 8081 is occupied
Dec 15, 2015 10:41:15 PM Logger.ServerLogger logEntry
INFO: 8081 is available
Dec 15, 2015 10:41:15 PM Logger.ServerLogger logEntry
INFO: Going to prepopulate server HashMap
Dec 15, 2015 10:41:15 PM Logger.ServerLogger logEntry
INFO: HashMap prepopulated. {12=14, 1=4, 2=32, 5=10, 8=52}
Dec 15, 2015 10:42:38 PM Logger.ServerLogger logEntry
INFO: PUT OPERATION
Dec 15, 2015 10:46:40 PM Logger.ServerLogger logEntry
INFO: PUT OPERATION
<?xml version="1.0" encoding="windows-1252" standalone="no"?>
<!DOCTYPE log SYSTEM "logger.dtd">
<log>
</log>
Dec 15, 2015 10:53:52 PM Logger.ServerLogger <init>
INFO: ------------------------------------------------------
Dec 15, 2015 10:53:52 PM Logger.ServerLogger logEntry
INFO: Connection with Coordinator established at localhost:8080
Dec 15, 2015 10:54:00 PM Logger.ServerLogger logEntry
INFO: Testing if port 8081 is occupied
Dec 15, 2015 10:54:01 PM Logger.ServerLogger logEntry
INFO: 8081 is available
Dec 15, 2015 10:54:01 PM Logger.ServerLogger logEntry
INFO: Going to prepopulate server HashMap
Dec 15, 2015 10:54:01 PM Logger.ServerLogger logEntry
INFO: HashMap prepopulated. {12=14, 1=4, 2=32, 5=10, 8=52}
Dec 15, 2015 10:55:30 PM Logger.ServerLogger logEntry
INFO: PUT OPERATION
<?xml version="1.0" encoding="windows-1252" standalone="no"?>
<!DOCTYPE log SYSTEM "logger.dtd">
<log>
</log>
Dec 15, 2015 10:57:35 PM Logger.ServerLogger <init>
INFO: ------------------------------------------------------
Dec 15, 2015 10:57:36 PM Logger.ServerLogger logEntry
INFO: Connection with Coordinator established at localhost:8080
Dec 15, 2015 10:57:37 PM Logger.ServerLogger logEntry
INFO: Testing if port 8081 is occupied
Dec 15, 2015 10:57:37 PM Logger.ServerLogger logEntry
INFO: 8081 is available
Dec 15, 2015 10:57:37 PM Logger.ServerLogger logEntry
INFO: Going to prepopulate server HashMap
Dec 15, 2015 10:57:37 PM Logger.ServerLogger logEntry
INFO: HashMap prepopulated. {12=14, 1=4, 2=32, 5=10, 8=52}
<?xml version="1.0" encoding="windows-1252" standalone="no"?>
<!DOCTYPE log SYSTEM "logger.dtd">
<log>
</log>
Dec 15, 2015 11:02:39 PM Logger.ServerLogger <init>
INFO: ------------------------------------------------------
Dec 15, 2015 11:02:39 PM Logger.ServerLogger logEntry
INFO: Connection with Coordinator established at localhost:8080
Dec 15, 2015 11:02:41 PM Logger.ServerLogger logEntry
INFO: Testing if port 8081 is occupied
Dec 15, 2015 11:02:41 PM Logger.ServerLogger logEntry
INFO: 8081 is available
Dec 15, 2015 11:02:41 PM Logger.ServerLogger logEntry
INFO: Going to prepopulate server HashMap
Dec 15, 2015 11:02:41 PM Logger.ServerLogger logEntry
INFO: HashMap prepopulated. {12=14, 1=4, 2=32, 5=10, 8=52}
Dec 15, 2015 11:03:15 PM Logger.ServerLogger logEntry
INFO: PUT OPERATION
<?xml version="1.0" encoding="windows-1252" standalone="no"?>
<!DOCTYPE log SYSTEM "logger.dtd">
<log>
</log>
Dec 15, 2015 11:09:51 PM Logger.ServerLogger <init>
INFO: ------------------------------------------------------
Dec 15, 2015 11:09:51 PM Logger.ServerLogger logEntry
INFO: Connection with Coordinator established at localhost:8080
Dec 15, 2015 11:09:53 PM Logger.ServerLogger logEntry
INFO: Testing if port 8081 is occupied
Dec 15, 2015 11:09:53 PM Logger.ServerLogger logEntry
INFO: 8081 is available
Dec 15, 2015 11:09:53 PM Logger.ServerLogger logEntry
INFO: Going to prepopulate server HashMap
Dec 15, 2015 11:09:53 PM Logger.ServerLogger logEntry
INFO: HashMap prepopulated. {12=14, 1=4, 2=32, 5=10, 8=52}
Dec 15, 2015 11:10:23 PM Logger.ServerLogger logEntry
INFO: PUT OPERATION
<?xml version="1.0" encoding="windows-1252" standalone="no"?>
<!DOCTYPE log SYSTEM "logger.dtd">
<log>
</log>
Dec 15, 2015 11:14:54 PM Logger.ServerLogger <init>
INFO: ------------------------------------------------------
Dec 15, 2015 11:14:54 PM Logger.ServerLogger logEntry
INFO: Connection with Coordinator established at localhost:8080
Dec 15, 2015 11:14:55 PM Logger.ServerLogger logEntry
INFO: Testing if port 8081 is occupied
Dec 15, 2015 11:14:55 PM Logger.ServerLogger logEntry
INFO: 8081 is available
Dec 15, 2015 11:14:56 PM Logger.ServerLogger logEntry
INFO: Going to prepopulate server HashMap
Dec 15, 2015 11:14:56 PM Logger.ServerLogger logEntry
INFO: HashMap prepopulated. {12=14, 1=4, 2=32, 5=10, 8=52}
Dec 15, 2015 11:15:41 PM Logger.ServerLogger logEntry
INFO: PUT OPERATION
Dec 15, 2015 11:15:41 PM Logger.ServerLogger logEntry
INFO: HashMap = {12=14, 1=4, 2=32, 5=10, 7=7, 8=52}
Dec 15, 2015 11:16:00 PM Logger.ServerLogger logEntry
INFO: DELETE OPERATION
Dec 15, 2015 11:16:00 PM Logger.ServerLogger logEntry
INFO: HashMap = {12=14, 1=4, 2=32, 5=10, 8=52}
Dec 15, 2015 11:17:07 PM Logger.ServerLogger logEntry
INFO: PUT OPERATION
<?xml version="1.0" encoding="windows-1252" standalone="no"?>
<!DOCTYPE log SYSTEM "logger.dtd">
<log>
</log>
Dec 15, 2015 11:30:41 PM Logger.ServerLogger <init>
INFO: ------------------------------------------------------
Dec 15, 2015 11:30:41 PM Logger.ServerLogger logEntry
INFO: Connection with Coordinator established at localhost:8080
Dec 15, 2015 11:30:42 PM Logger.ServerLogger logEntry
INFO: Testing if port 8081 is occupied
Dec 15, 2015 11:30:42 PM Logger.ServerLogger logEntry
INFO: 8081 is available
Dec 15, 2015 11:30:42 PM Logger.ServerLogger logEntry
INFO: Going to prepopulate server HashMap
Dec 15, 2015 11:30:42 PM Logger.ServerLogger logEntry
INFO: HashMap prepopulated. {12=14, 1=4, 2=32, 5=10, 8=52}
Dec 15, 2015 11:31:54 PM Logger.ServerLogger logEntry
INFO: HashMap = {12=14, 1=4, 2=32, 5=10, 7=7, 8=52}
Dec 15, 2015 11:32:00 PM Logger.ServerLogger logEntry
INFO: HashMap = {12=14, 1=4, 2=32, 5=10, 7=7, 8=52}
Dec 15, 2015 11:32:06 PM Logger.ServerLogger logEntry
INFO: HashMap = {12=14, 1=4, 2=32, 5=10, 7=7, 8=52, 9=9}
Dec 15, 2015 11:32:10 PM Logger.ServerLogger logEntry
INFO: HashMap = {12=14, 1=4, 2=32, 5=10, 7=7, 8=52}
<?xml version="1.0" encoding="windows-1252" standalone="no"?>
<!DOCTYPE log SYSTEM "logger.dtd">
<log>
</log>
Dec 15, 2015 11:34:46 PM Logger.ServerLogger <init>
INFO: ------------------------------------------------------
Dec 15, 2015 11:34:46 PM Logger.ServerLogger logEntry
INFO: Connection with Coordinator established at localhost:8080
Dec 15, 2015 11:34:48 PM Logger.ServerLogger logEntry
INFO: Testing if port 8081 is occupied
Dec 15, 2015 11:34:48 PM Logger.ServerLogger logEntry
INFO: 8081 is available
Dec 15, 2015 11:34:48 PM Logger.ServerLogger logEntry
INFO: Going to prepopulate server HashMap
Dec 15, 2015 11:34:48 PM Logger.ServerLogger logEntry
INFO: HashMap prepopulated. {12=14, 1=4, 2=32, 5=10, 8=52}
Dec 15, 2015 11:35:21 PM Logger.ServerLogger logEntry
INFO: PUT OPERATION
Dec 15, 2015 11:35:21 PM Logger.ServerLogger logEntry
INFO: HashMap = {12=14, 1=4, 2=32, 5=10, 7=7, 8=52}
<?xml version="1.0" encoding="windows-1252" standalone="no"?>
<!DOCTYPE log SYSTEM "logger.dtd">
<log>
</log>
Dec 15, 2015 11:37:30 PM Logger.ServerLogger <init>
INFO: ------------------------------------------------------
Dec 15, 2015 11:37:30 PM Logger.ServerLogger logEntry
INFO: Connection with Coordinator established at localhost:8080
Dec 15, 2015 11:37:32 PM Logger.ServerLogger logEntry
INFO: Testing if port 8081 is occupied
Dec 15, 2015 11:37:32 PM Logger.ServerLogger logEntry
INFO: 8081 is available
Dec 15, 2015 11:37:32 PM Logger.ServerLogger logEntry
INFO: Going to prepopulate server HashMap
Dec 15, 2015 11:37:32 PM Logger.ServerLogger logEntry
INFO: HashMap prepopulated. {12=14, 1=4, 2=32, 5=10, 8=52}
Dec 15, 2015 11:38:10 PM Logger.ServerLogger logEntry
INFO: PUT OPERATION
Dec 15, 2015 11:38:10 PM Logger.ServerLogger logEntry
INFO: HashMap = {12=14, 1=4, 2=32, 5=10, 7=7, 8=52}
<?xml version="1.0" encoding="windows-1252" standalone="no"?>
<!DOCTYPE log SYSTEM "logger.dtd">
<log>
</log>
Dec 15, 2015 11:39:58 PM Logger.ServerLogger <init>
INFO: ------------------------------------------------------
Dec 15, 2015 11:39:58 PM Logger.ServerLogger logEntry
INFO: Connection with Coordinator established at localhost:8080
Dec 15, 2015 11:40:00 PM Logger.ServerLogger logEntry
INFO: Testing if port 8081 is occupied
Dec 15, 2015 11:40:00 PM Logger.ServerLogger logEntry
INFO: 8081 is available
Dec 15, 2015 11:40:00 PM Logger.ServerLogger logEntry
INFO: Going to prepopulate server HashMap
Dec 15, 2015 11:40:00 PM Logger.ServerLogger logEntry
INFO: HashMap prepopulated. {12=14, 1=4, 2=32, 5=10, 8=52}
Dec 15, 2015 11:40:36 PM Logger.ServerLogger logEntry
INFO: PUT OPERATION
Dec 15, 2015 11:40:36 PM Logger.ServerLogger logEntry
INFO: HashMap = {12=14, 1=4, 2=32, 5=10, 7=7, 8=52}
Dec 15, 2015 11:41:40 PM Logger.ServerLogger logEntry
INFO: GET OPERATION
Dec 15, 2015 11:41:40 PM Logger.ServerLogger logEntry
INFO: (7 : 7)
Dec 15, 2015 11:41:40 PM Logger.ServerLogger logEntry
INFO: HashMap = {12=14, 1=4, 2=32, 5=10, 7=7, 8=52}
Dec 15, 2015 11:41:47 PM Logger.ServerLogger logEntry
INFO: DELETE OPERATION
Dec 15, 2015 11:41:47 PM Logger.ServerLogger logEntry
INFO: HashMap = {12=14, 1=4, 2=32, 5=10, 8=52}
<?xml version="1.0" encoding="windows-1252" standalone="no"?>
<!DOCTYPE log SYSTEM "logger.dtd">
<log>
</log>
Dec 16, 2015 1:17:01 AM Logger.ServerLogger <init>
INFO: ------------------------------------------------------
Dec 16, 2015 1:17:01 AM Logger.ServerLogger logEntry
INFO: Connection with Coordinator established at localhost:8080
Dec 16, 2015 1:17:03 AM Logger.ServerLogger logEntry
INFO: Testing if port 8081 is occupied
Dec 16, 2015 1:17:03 AM Logger.ServerLogger logEntry
INFO: 8081 is available
Dec 16, 2015 1:17:03 AM Logger.ServerLogger logEntry
INFO: Going to prepopulate server HashMap
Dec 16, 2015 1:17:03 AM Logger.ServerLogger logEntry
INFO: HashMap prepopulated. {12=14, 1=4, 2=32, 5=10, 8=52}
Dec 16, 2015 1:17:59 AM Logger.ServerLogger logEntry
INFO: PUT OPERATION
Dec 16, 2015 1:17:59 AM Logger.ServerLogger logEntry
INFO: HashMap = {12=14, 1=4, 2=32, 5=10, 7=7, 8=52}
<?xml version="1.0" encoding="windows-1252" standalone="no"?>
<!DOCTYPE log SYSTEM "logger.dtd">
<log>
</log>
Dec 16, 2015 1:20:31 AM Logger.ServerLogger <init>
INFO: ------------------------------------------------------
Dec 16, 2015 1:20:31 AM Logger.ServerLogger logEntry
INFO: Connection with Coordinator established at localhost:8080
Dec 16, 2015 1:20:32 AM Logger.ServerLogger logEntry
INFO: Testing if port 8081 is occupied
Dec 16, 2015 1:20:32 AM Logger.ServerLogger logEntry
INFO: 8081 is available
Dec 16, 2015 1:20:32 AM Logger.ServerLogger logEntry
INFO: Going to prepopulate server HashMap
Dec 16, 2015 1:20:32 AM Logger.ServerLogger logEntry
INFO: HashMap prepopulated. {12=14, 1=4, 2=32, 5=10, 8=52}
<?xml version="1.0" encoding="windows-1252" standalone="no"?>
<!DOCTYPE log SYSTEM "logger.dtd">
<log>
</log>
Dec 16, 2015 1:21:30 AM Logger.ServerLogger <init>
INFO: ------------------------------------------------------
Dec 16, 2015 1:21:30 AM Logger.ServerLogger logEntry
INFO: Connection with Coordinator established at localhost:8080
Dec 16, 2015 1:21:32 AM Logger.ServerLogger logEntry
INFO: Testing if port 8089 is occupied
Dec 16, 2015 1:21:32 AM Logger.ServerLogger logEntry
INFO: 8089 is available
Dec 16, 2015 1:21:32 AM Logger.ServerLogger logEntry
INFO: Going to prepopulate server HashMap
Dec 16, 2015 1:21:32 AM Logger.ServerLogger logEntry
INFO: HashMap prepopulated. {12=14, 1=4, 2=32, 5=10, 8=52}
